<?xml version="1.0" encoding="UTF-8"?>
<!-- Generated by org.testng.reporters.JUnitXMLReporter -->
<testsuite ignored="0" hostname="Raitas_PC" failures="0" tests="3" name="RegrationTest" time="0.01" errors="0" timestamp="2023-10-04T01:13:29 CDT">
  <testcase classname="twoPack.Fourclass" name="testFour" time="0.001"/>
  <testcase classname="twoPack.Fiveclass" name="testFive" time="0.001"/>
  <testcase classname="twoPack.Sixclass" name="testSix" time="0.001"/>
</testsuite> <!-- RegrationTest -->
