<?xml version="1.0" encoding="UTF-8"?>
<!-- Generated by org.testng.reporters.JUnitXMLReporter -->
<testsuite ignored="0" hostname="Raitas_PC" failures="0" tests="4" name="SanityTest" time="24.482" errors="0" timestamp="2023-10-04T01:13:54 CDT">
  <testcase classname="threePack.Sevenclass" name="testSevenA" time="7.639"/>
  <testcase classname="threePack.Sevenclass" name="testSevenB" time="5.354"/>
  <testcase classname="threePack.Sevenclass" name="testSevenC" time="5.412"/>
  <testcase classname="threePack.Sevenclass" name="testSevenD" time="6.058"/>
</testsuite> <!-- SanityTest -->
