<?xml version="1.0" encoding="UTF-8"?>
<!-- Generated by org.testng.reporters.JUnitXMLReporter -->
<testsuite ignored="0" hostname="Raitas_PC" failures="0" tests="4" name="SmokeTest" time="23.699" errors="0" timestamp="2023-10-04T14:06:23 CDT">
  <testcase classname="onePack.Oneclass" name="testOneA" time="8.055"/>
  <testcase classname="onePack.Oneclass" name="testOneB" time="5.205"/>
  <testcase classname="onePack.Oneclass" name="testOneC" time="5.205"/>
  <testcase classname="onePack.Oneclass" name="testOneD" time="5.185"/>
</testsuite> <!-- SmokeTest -->
