<?xml version="1.0" encoding="UTF-8"?>
<!-- Generated by org.testng.reporters.JUnitXMLReporter -->
<testsuite ignored="0" hostname="Raitas_PC" failures="0" tests="3" name="Default test" time="0.046" errors="0" timestamp="2023-10-04T14:02:07 CDT">
  <testcase classname="dataProvider.DataDriven" name="loginTest" time="0.01"/>
  <testcase classname="dataProvider.DataDriven" name="loginTest" time="0.001"/>
  <testcase classname="dataProvider.DataDriven" name="loginTest" time="0.001"/>
</testsuite> <!-- Default test -->
