<?xml version="1.0" encoding="UTF-8"?>
<!-- Generated by org.testng.reporters.JUnitXMLReporter -->
<testsuite ignored="0" hostname="Raitas_PC" failures="0" tests="4" name="debet cards" time="0.01" errors="0" timestamp="2023-10-02T18:04:56 CDT">
  <testcase classname="threePack.Sevenclass" name="testSevenA" time="0.001"/>
  <testcase classname="threePack.Sevenclass" name="testSevenB" time="0.002"/>
  <testcase classname="threePack.Sevenclass" name="testSevenC" time="0.001"/>
  <testcase classname="threePack.Sevenclass" name="testSevenD" time="0.0"/>
</testsuite> <!-- debet cards -->
