<?xml version="1.0" encoding="UTF-8"?>
<!-- Generated by org.testng.reporters.JUnitXMLReporter -->
<testsuite ignored="1" hostname="Raitas_PC" failures="0" tests="2" name="emplyee" time="0.043" errors="0" timestamp="2023-10-02T18:04:56 CDT">
  <testcase classname="onePack.Oneclass" name="testOne" time="0.009"/>
  <testcase classname="onePack.Twoclass" name="testTwo" time="0.001"/>
  <testcase classname="onePack.Threeclass" name="testThree" time="0.0">
    <ignored/>
  </testcase> <!-- testThree -->
</testsuite> <!-- emplyee -->
