<?xml version="1.0" encoding="UTF-8"?>
<!-- Generated by org.testng.reporters.JUnitXMLReporter -->
<testsuite ignored="0" hostname="Raitas_PC" failures="0" tests="3" name="onePackageTest" time="0.068" errors="0" timestamp="2023-10-02T17:24:47 CDT">
  <testcase classname="onePack.Oneclass" name="testOne" time="0.013"/>
  <testcase classname="onePack.Threeclass" name="testThree" time="0.001"/>
  <testcase classname="onePack.Twoclass" name="testTwo" time="0.001"/>
</testsuite> <!-- onePackageTest -->
