<?xml version="1.0" encoding="UTF-8"?>
<testng-results ignored="0" total="3" passed="3" failed="0" skipped="0">
  <reporter-output>
  </reporter-output>
  <suite started-at="2023-10-04T14:10:41 CDT" name="Suite" finished-at="2023-10-04T14:10:41 CDT" duration-ms="63">
    <groups>
    </groups>
    <test started-at="2023-10-04T14:10:41 CDT" name="Test" finished-at="2023-10-04T14:10:41 CDT" duration-ms="63">
      <class name="dataProvider.DataDriven">
        <test-method signature="loginTest(java.lang.String,java.lang.String)[pri:0, instance:dataProvider.DataDriven@74f0ea28]" started-at="2023-10-04T14:10:41 CDT" name="loginTest" data-provider="getData" finished-at="2023-10-04T14:10:41 CDT" duration-ms="12" status="PASS">
          <params>
            <param index="0">
              <value>
                <![CDATA[rafiq]]>
              </value>
            </param>
            <param index="1">
              <value>
                <![CDATA[1234]]>
              </value>
            </param>
          </params>
          <reporter-output>
          </reporter-output>
        </test-method> <!-- loginTest -->
        <test-method signature="loginTest(java.lang.String,java.lang.String)[pri:0, instance:dataProvider.DataDriven@74f0ea28]" started-at="2023-10-04T14:10:41 CDT" name="loginTest" data-provider="getData" finished-at="2023-10-04T14:10:41 CDT" duration-ms="1" status="PASS">
          <params>
            <param index="0">
              <value>
                <![CDATA[babu]]>
              </value>
            </param>
            <param index="1">
              <value>
                <![CDATA[1111]]>
              </value>
            </param>
          </params>
          <reporter-output>
          </reporter-output>
        </test-method> <!-- loginTest -->
        <test-method signature="loginTest(java.lang.String,java.lang.String)[pri:0, instance:dataProvider.DataDriven@74f0ea28]" started-at="2023-10-04T14:10:41 CDT" name="loginTest" data-provider="getData" finished-at="2023-10-04T14:10:41 CDT" duration-ms="1" status="PASS">
          <params>
            <param index="0">
              <value>
                <![CDATA[Karim]]>
              </value>
            </param>
            <param index="1">
              <value>
                <![CDATA[8888]]>
              </value>
            </param>
          </params>
          <reporter-output>
          </reporter-output>
        </test-method> <!-- loginTest -->
      </class> <!-- dataProvider.DataDriven -->
    </test> <!-- Test -->
  </suite> <!-- Suite -->
</testng-results>
